{"total": {"lines":{"total":131,"covered":120,"skipped":0,"pct":91.6},"statements":{"total":131,"covered":120,"skipped":0,"pct":91.6},"functions":{"total":10,"covered":10,"skipped":0,"pct":100},"branches":{"total":47,"covered":41,"skipped":0,"pct":87.23},"branchesTrue":{"total":0,"covered":0,"skipped":0,"pct":"Unknown"}}
,"C:\\Users\\Ushnanshu Pant\\Desktop\\new bank\\new_ht_jest\\index.js": {"lines":{"total":131,"covered":120,"skipped":0,"pct":91.6},"functions":{"total":10,"covered":10,"skipped":0,"pct":100},"statements":{"total":131,"covered":120,"skipped":0,"pct":91.6},"branches":{"total":47,"covered":41,"skipped":0,"pct":87.23}}
}
