{"total": {"lines":{"total":131,"covered":21,"skipped":0,"pct":16.03},"statements":{"total":131,"covered":21,"skipped":0,"pct":16.03},"functions":{"total":10,"covered":1,"skipped":0,"pct":10},"branches":{"total":47,"covered":2,"skipped":0,"pct":4.25},"branchesTrue":{"total":0,"covered":0,"skipped":0,"pct":"Unknown"}}
,"C:\\Users\\Ushnanshu Pant\\Desktop\\new bank\\new_ht_jest\\index.js": {"lines":{"total":131,"covered":21,"skipped":0,"pct":16.03},"functions":{"total":10,"covered":1,"skipped":0,"pct":10},"statements":{"total":131,"covered":21,"skipped":0,"pct":16.03},"branches":{"total":47,"covered":2,"skipped":0,"pct":4.25}}
}
